{"/Users/jeffreyfernandez/code/Dictator_ai/frontend/src/hooks/useDictator.ts": {"path":"/Users/jeffreyfernandez/code/Dictator_ai/frontend/src/hooks/useDictator.ts","statementMap":{"0":{"start":{"line":6,"column":27},"end":{"line":265,"column":null}},"1":{"start":{"line":7,"column":28},"end":{"line":7,"column":null}},"2":{"start":{"line":8,"column":24},"end":{"line":8,"column":null}},"3":{"start":{"line":9,"column":32},"end":{"line":9,"column":null}},"4":{"start":{"line":10,"column":28},"end":{"line":10,"column":null}},"5":{"start":{"line":11,"column":54},"end":{"line":11,"column":null}},"6":{"start":{"line":12,"column":34},"end":{"line":12,"column":null}},"7":{"start":{"line":13,"column":34},"end":{"line":13,"column":null}},"8":{"start":{"line":14,"column":26},"end":{"line":14,"column":null}},"9":{"start":{"line":16,"column":50},"end":{"line":16,"column":null}},"10":{"start":{"line":19,"column":26},"end":{"line":19,"column":null}},"11":{"start":{"line":20,"column":26},"end":{"line":20,"column":null}},"12":{"start":{"line":21,"column":42},"end":{"line":21,"column":null}},"13":{"start":{"line":23,"column":10},"end":{"line":23,"column":null}},"14":{"start":{"line":24,"column":10},"end":{"line":24,"column":null}},"15":{"start":{"line":27,"column":4},"end":{"line":36,"column":null}},"16":{"start":{"line":28,"column":26},"end":{"line":28,"column":null}},"17":{"start":{"line":29,"column":8},"end":{"line":29,"column":null}},"18":{"start":{"line":29,"column":23},"end":{"line":29,"column":null}},"19":{"start":{"line":31,"column":28},"end":{"line":31,"column":null}},"20":{"start":{"line":32,"column":8},"end":{"line":32,"column":null}},"21":{"start":{"line":32,"column":25},"end":{"line":32,"column":null}},"22":{"start":{"line":34,"column":28},"end":{"line":34,"column":null}},"23":{"start":{"line":35,"column":8},"end":{"line":35,"column":null}},"24":{"start":{"line":35,"column":25},"end":{"line":35,"column":null}},"25":{"start":{"line":39,"column":4},"end":{"line":41,"column":null}},"26":{"start":{"line":40,"column":8},"end":{"line":40,"column":null}},"27":{"start":{"line":40,"column":20},"end":{"line":40,"column":null}},"28":{"start":{"line":43,"column":4},"end":{"line":45,"column":null}},"29":{"start":{"line":44,"column":8},"end":{"line":44,"column":null}},"30":{"start":{"line":47,"column":4},"end":{"line":49,"column":null}},"31":{"start":{"line":48,"column":8},"end":{"line":48,"column":null}},"32":{"start":{"line":53,"column":24},"end":{"line":77,"column":null}},"33":{"start":{"line":54,"column":8},"end":{"line":54,"column":null}},"34":{"start":{"line":55,"column":8},"end":{"line":55,"column":null}},"35":{"start":{"line":57,"column":25},"end":{"line":57,"column":null}},"36":{"start":{"line":58,"column":8},"end":{"line":58,"column":null}},"37":{"start":{"line":60,"column":8},"end":{"line":76,"column":null}},"38":{"start":{"line":61,"column":24},"end":{"line":63,"column":null}},"39":{"start":{"line":65,"column":12},"end":{"line":71,"column":null}},"40":{"start":{"line":66,"column":16},"end":{"line":66,"column":null}},"41":{"start":{"line":67,"column":16},"end":{"line":67,"column":null}},"42":{"start":{"line":68,"column":16},"end":{"line":68,"column":null}},"43":{"start":{"line":70,"column":16},"end":{"line":70,"column":null}},"44":{"start":{"line":73,"column":12},"end":{"line":73,"column":null}},"45":{"start":{"line":75,"column":12},"end":{"line":75,"column":null}},"46":{"start":{"line":80,"column":29},"end":{"line":98,"column":null}},"47":{"start":{"line":81,"column":8},"end":{"line":97,"column":null}},"48":{"start":{"line":82,"column":33},"end":{"line":82,"column":null}},"49":{"start":{"line":83,"column":12},"end":{"line":83,"column":null}},"50":{"start":{"line":86,"column":30},"end":{"line":86,"column":null}},"51":{"start":{"line":87,"column":12},"end":{"line":87,"column":null}},"52":{"start":{"line":90,"column":12},"end":{"line":90,"column":null}},"53":{"start":{"line":91,"column":12},"end":{"line":91,"column":null}},"54":{"start":{"line":92,"column":12},"end":{"line":92,"column":null}},"55":{"start":{"line":93,"column":12},"end":{"line":93,"column":null}},"56":{"start":{"line":96,"column":12},"end":{"line":96,"column":null}},"57":{"start":{"line":101,"column":26},"end":{"line":107,"column":null}},"58":{"start":{"line":102,"column":8},"end":{"line":102,"column":null}},"59":{"start":{"line":103,"column":8},"end":{"line":106,"column":null}},"60":{"start":{"line":104,"column":12},"end":{"line":104,"column":null}},"61":{"start":{"line":105,"column":12},"end":{"line":105,"column":null}},"62":{"start":{"line":110,"column":21},"end":{"line":118,"column":null}},"63":{"start":{"line":111,"column":8},"end":{"line":111,"column":null}},"64":{"start":{"line":111,"column":41},"end":{"line":111,"column":null}},"65":{"start":{"line":112,"column":8},"end":{"line":112,"column":null}},"66":{"start":{"line":112,"column":42},"end":{"line":112,"column":null}},"67":{"start":{"line":113,"column":8},"end":{"line":113,"column":null}},"68":{"start":{"line":113,"column":38},"end":{"line":113,"column":null}},"69":{"start":{"line":117,"column":8},"end":{"line":117,"column":null}},"70":{"start":{"line":121,"column":24},"end":{"line":173,"column":null}},"71":{"start":{"line":122,"column":8},"end":{"line":122,"column":null}},"72":{"start":{"line":122,"column":51},"end":{"line":122,"column":null}},"73":{"start":{"line":125,"column":8},"end":{"line":127,"column":null}},"74":{"start":{"line":126,"column":12},"end":{"line":126,"column":null}},"75":{"start":{"line":130,"column":8},"end":{"line":130,"column":null}},"76":{"start":{"line":131,"column":8},"end":{"line":131,"column":null}},"77":{"start":{"line":134,"column":27},"end":{"line":134,"column":null}},"78":{"start":{"line":135,"column":8},"end":{"line":135,"column":null}},"79":{"start":{"line":137,"column":8},"end":{"line":137,"column":null}},"80":{"start":{"line":138,"column":8},"end":{"line":138,"column":null}},"81":{"start":{"line":139,"column":8},"end":{"line":139,"column":null}},"82":{"start":{"line":141,"column":21},"end":{"line":141,"column":null}},"83":{"start":{"line":142,"column":22},"end":{"line":142,"column":null}},"84":{"start":{"line":144,"column":8},"end":{"line":172,"column":null}},"85":{"start":{"line":145,"column":24},"end":{"line":151,"column":null}},"86":{"start":{"line":153,"column":29},"end":{"line":153,"column":null}},"87":{"start":{"line":154,"column":12},"end":{"line":154,"column":null}},"88":{"start":{"line":155,"column":32},"end":{"line":155,"column":null}},"89":{"start":{"line":156,"column":12},"end":{"line":163,"column":null}},"90":{"start":{"line":157,"column":16},"end":{"line":162,"column":null}},"91":{"start":{"line":158,"column":20},"end":{"line":161,"column":null}},"92":{"start":{"line":159,"column":24},"end":{"line":159,"column":null}},"93":{"start":{"line":160,"column":24},"end":{"line":160,"column":null}},"94":{"start":{"line":160,"column":59},"end":{"line":160,"column":null}},"95":{"start":{"line":165,"column":12},"end":{"line":171,"column":null}},"96":{"start":{"line":166,"column":16},"end":{"line":166,"column":null}},"97":{"start":{"line":168,"column":16},"end":{"line":168,"column":null}},"98":{"start":{"line":169,"column":16},"end":{"line":169,"column":null}},"99":{"start":{"line":170,"column":16},"end":{"line":170,"column":null}},"100":{"start":{"line":176,"column":23},"end":{"line":190,"column":null}},"101":{"start":{"line":177,"column":8},"end":{"line":189,"column":null}},"102":{"start":{"line":178,"column":12},"end":{"line":178,"column":null}},"103":{"start":{"line":179,"column":12},"end":{"line":179,"column":null}},"104":{"start":{"line":181,"column":12},"end":{"line":188,"column":null}},"105":{"start":{"line":182,"column":16},"end":{"line":182,"column":null}},"106":{"start":{"line":183,"column":12},"end":{"line":188,"column":null}},"107":{"start":{"line":184,"column":16},"end":{"line":184,"column":null}},"108":{"start":{"line":185,"column":16},"end":{"line":185,"column":null}},"109":{"start":{"line":187,"column":16},"end":{"line":187,"column":null}},"110":{"start":{"line":193,"column":4},"end":{"line":197,"column":null}},"111":{"start":{"line":194,"column":8},"end":{"line":196,"column":null}},"112":{"start":{"line":195,"column":12},"end":{"line":195,"column":null}},"113":{"start":{"line":200,"column":4},"end":{"line":209,"column":null}},"114":{"start":{"line":201,"column":8},"end":{"line":208,"column":null}},"115":{"start":{"line":204,"column":26},"end":{"line":206,"column":null}},"116":{"start":{"line":205,"column":16},"end":{"line":205,"column":null}},"117":{"start":{"line":207,"column":12},"end":{"line":207,"column":null}},"118":{"start":{"line":207,"column":25},"end":{"line":207,"column":null}},"119":{"start":{"line":212,"column":4},"end":{"line":247,"column":null}},"120":{"start":{"line":213,"column":22},"end":{"line":213,"column":null}},"121":{"start":{"line":216,"column":8},"end":{"line":216,"column":null}},"122":{"start":{"line":218,"column":28},"end":{"line":224,"column":null}},"123":{"start":{"line":219,"column":12},"end":{"line":223,"column":null}},"124":{"start":{"line":220,"column":16},"end":{"line":220,"column":null}},"125":{"start":{"line":222,"column":16},"end":{"line":222,"column":null}},"126":{"start":{"line":226,"column":8},"end":{"line":226,"column":null}},"127":{"start":{"line":228,"column":8},"end":{"line":228,"column":null}},"128":{"start":{"line":228,"column":47},"end":{"line":228,"column":75}},"129":{"start":{"line":231,"column":8},"end":{"line":242,"column":null}},"130":{"start":{"line":232,"column":12},"end":{"line":236,"column":null}},"131":{"start":{"line":238,"column":12},"end":{"line":238,"column":null}},"132":{"start":{"line":238,"column":68},"end":{"line":238,"column":124}},"133":{"start":{"line":238,"column":88},"end":{"line":238,"column":102}},"134":{"start":{"line":238,"column":102},"end":{"line":238,"column":122}},"135":{"start":{"line":239,"column":12},"end":{"line":239,"column":null}},"136":{"start":{"line":239,"column":69},"end":{"line":239,"column":128}},"137":{"start":{"line":239,"column":90},"end":{"line":239,"column":105}},"138":{"start":{"line":239,"column":105},"end":{"line":239,"column":126}},"139":{"start":{"line":240,"column":12},"end":{"line":240,"column":null}},"140":{"start":{"line":240,"column":77},"end":{"line":240,"column":144}},"141":{"start":{"line":240,"column":106},"end":{"line":240,"column":144}},"142":{"start":{"line":241,"column":12},"end":{"line":241,"column":null}},"143":{"start":{"line":241,"column":73},"end":{"line":241,"column":158}},"144":{"start":{"line":241,"column":120},"end":{"line":241,"column":158}},"145":{"start":{"line":244,"column":8},"end":{"line":246,"column":null}},"146":{"start":{"line":245,"column":12},"end":{"line":245,"column":null}},"147":{"start":{"line":249,"column":4},"end":{"line":264,"column":null}}},"fnMap":{"0":{"name":"(anonymous_0)","decl":{"start":{"line":6,"column":27},"end":{"line":6,"column":33}},"loc":{"start":{"line":6,"column":33},"end":{"line":265,"column":null}},"line":6},"1":{"name":"(anonymous_1)","decl":{"start":{"line":27,"column":14},"end":{"line":27,"column":20}},"loc":{"start":{"line":27,"column":20},"end":{"line":36,"column":7}},"line":27},"2":{"name":"(anonymous_2)","decl":{"start":{"line":39,"column":14},"end":{"line":39,"column":20}},"loc":{"start":{"line":39,"column":20},"end":{"line":41,"column":7}},"line":39},"3":{"name":"(anonymous_3)","decl":{"start":{"line":43,"column":14},"end":{"line":43,"column":20}},"loc":{"start":{"line":43,"column":20},"end":{"line":45,"column":7}},"line":43},"4":{"name":"(anonymous_4)","decl":{"start":{"line":47,"column":14},"end":{"line":47,"column":20}},"loc":{"start":{"line":47,"column":20},"end":{"line":49,"column":7}},"line":47},"5":{"name":"(anonymous_5)","decl":{"start":{"line":53,"column":24},"end":{"line":53,"column":31}},"loc":{"start":{"line":53,"column":55},"end":{"line":77,"column":null}},"line":53},"6":{"name":"(anonymous_6)","decl":{"start":{"line":80,"column":29},"end":{"line":80,"column":30}},"loc":{"start":{"line":80,"column":73},"end":{"line":98,"column":null}},"line":80},"7":{"name":"(anonymous_7)","decl":{"start":{"line":101,"column":26},"end":{"line":101,"column":27}},"loc":{"start":{"line":101,"column":50},"end":{"line":107,"column":null}},"line":101},"8":{"name":"(anonymous_8)","decl":{"start":{"line":110,"column":21},"end":{"line":110,"column":27}},"loc":{"start":{"line":110,"column":27},"end":{"line":118,"column":null}},"line":110},"9":{"name":"(anonymous_9)","decl":{"start":{"line":121,"column":24},"end":{"line":121,"column":31}},"loc":{"start":{"line":121,"column":49},"end":{"line":173,"column":null}},"line":121},"10":{"name":"(anonymous_10)","decl":{"start":{"line":157,"column":34},"end":{"line":157,"column":41}},"loc":{"start":{"line":157,"column":41},"end":{"line":162,"column":17}},"line":157},"11":{"name":"(anonymous_11)","decl":{"start":{"line":176,"column":23},"end":{"line":176,"column":29}},"loc":{"start":{"line":176,"column":29},"end":{"line":190,"column":null}},"line":176},"12":{"name":"(anonymous_12)","decl":{"start":{"line":193,"column":14},"end":{"line":193,"column":20}},"loc":{"start":{"line":193,"column":20},"end":{"line":197,"column":7}},"line":193},"13":{"name":"(anonymous_13)","decl":{"start":{"line":200,"column":14},"end":{"line":200,"column":20}},"loc":{"start":{"line":200,"column":20},"end":{"line":209,"column":7}},"line":200},"14":{"name":"(anonymous_14)","decl":{"start":{"line":204,"column":37},"end":{"line":204,"column":43}},"loc":{"start":{"line":204,"column":43},"end":{"line":206,"column":15}},"line":204},"15":{"name":"(anonymous_15)","decl":{"start":{"line":207,"column":19},"end":{"line":207,"column":25}},"loc":{"start":{"line":207,"column":25},"end":{"line":207,"column":null}},"line":207},"16":{"name":"(anonymous_16)","decl":{"start":{"line":212,"column":14},"end":{"line":212,"column":20}},"loc":{"start":{"line":212,"column":20},"end":{"line":247,"column":7}},"line":212},"17":{"name":"(anonymous_17)","decl":{"start":{"line":218,"column":28},"end":{"line":218,"column":34}},"loc":{"start":{"line":218,"column":34},"end":{"line":224,"column":null}},"line":218},"18":{"name":"(anonymous_18)","decl":{"start":{"line":228,"column":39},"end":{"line":228,"column":45}},"loc":{"start":{"line":228,"column":45},"end":{"line":228,"column":76}},"line":228},"19":{"name":"(anonymous_19)","decl":{"start":{"line":238,"column":60},"end":{"line":238,"column":66}},"loc":{"start":{"line":238,"column":66},"end":{"line":238,"column":125}},"line":238},"20":{"name":"(anonymous_20)","decl":{"start":{"line":239,"column":61},"end":{"line":239,"column":67}},"loc":{"start":{"line":239,"column":67},"end":{"line":239,"column":129}},"line":239},"21":{"name":"(anonymous_21)","decl":{"start":{"line":240,"column":69},"end":{"line":240,"column":75}},"loc":{"start":{"line":240,"column":75},"end":{"line":240,"column":145}},"line":240},"22":{"name":"(anonymous_22)","decl":{"start":{"line":241,"column":65},"end":{"line":241,"column":71}},"loc":{"start":{"line":241,"column":71},"end":{"line":241,"column":159}},"line":241},"23":{"name":"(anonymous_23)","decl":{"start":{"line":244,"column":15},"end":{"line":244,"column":21}},"loc":{"start":{"line":244,"column":21},"end":{"line":246,"column":null}},"line":244}},"branchMap":{"0":{"loc":{"start":{"line":29,"column":8},"end":{"line":29,"column":null}},"type":"if","locations":[{"start":{"line":29,"column":8},"end":{"line":29,"column":null}},{"start":{},"end":{}}],"line":29},"1":{"loc":{"start":{"line":32,"column":8},"end":{"line":32,"column":null}},"type":"if","locations":[{"start":{"line":32,"column":8},"end":{"line":32,"column":null}},{"start":{},"end":{}}],"line":32},"2":{"loc":{"start":{"line":35,"column":8},"end":{"line":35,"column":null}},"type":"if","locations":[{"start":{"line":35,"column":8},"end":{"line":35,"column":null}},{"start":{},"end":{}}],"line":35},"3":{"loc":{"start":{"line":40,"column":8},"end":{"line":40,"column":null}},"type":"if","locations":[{"start":{"line":40,"column":8},"end":{"line":40,"column":null}},{"start":{},"end":{}}],"line":40},"4":{"loc":{"start":{"line":65,"column":12},"end":{"line":71,"column":null}},"type":"if","locations":[{"start":{"line":65,"column":12},"end":{"line":71,"column":null}},{"start":{"line":69,"column":19},"end":{"line":71,"column":null}}],"line":65},"5":{"loc":{"start":{"line":70,"column":25},"end":{"line":70,"column":69}},"type":"binary-expr","locations":[{"start":{"line":70,"column":25},"end":{"line":70,"column":43}},{"start":{"line":70,"column":43},"end":{"line":70,"column":69}}],"line":70},"6":{"loc":{"start":{"line":81,"column":8},"end":{"line":97,"column":null}},"type":"if","locations":[{"start":{"line":81,"column":8},"end":{"line":97,"column":null}},{"start":{},"end":{}}],"line":81},"7":{"loc":{"start":{"line":81,"column":12},"end":{"line":81,"column":57}},"type":"binary-expr","locations":[{"start":{"line":81,"column":12},"end":{"line":81,"column":30}},{"start":{"line":81,"column":30},"end":{"line":81,"column":57}}],"line":81},"8":{"loc":{"start":{"line":103,"column":8},"end":{"line":106,"column":null}},"type":"if","locations":[{"start":{"line":103,"column":8},"end":{"line":106,"column":null}},{"start":{},"end":{}}],"line":103},"9":{"loc":{"start":{"line":111,"column":8},"end":{"line":111,"column":null}},"type":"if","locations":[{"start":{"line":111,"column":8},"end":{"line":111,"column":null}},{"start":{},"end":{}}],"line":111},"10":{"loc":{"start":{"line":112,"column":8},"end":{"line":112,"column":null}},"type":"if","locations":[{"start":{"line":112,"column":8},"end":{"line":112,"column":null}},{"start":{},"end":{}}],"line":112},"11":{"loc":{"start":{"line":113,"column":8},"end":{"line":113,"column":null}},"type":"if","locations":[{"start":{"line":113,"column":8},"end":{"line":113,"column":null}},{"start":{},"end":{}}],"line":113},"12":{"loc":{"start":{"line":117,"column":15},"end":{"line":117,"column":null}},"type":"cond-expr","locations":[{"start":{"line":117,"column":38},"end":{"line":117,"column":51}},{"start":{"line":117,"column":51},"end":{"line":117,"column":null}}],"line":117},"13":{"loc":{"start":{"line":122,"column":8},"end":{"line":122,"column":null}},"type":"if","locations":[{"start":{"line":122,"column":8},"end":{"line":122,"column":null}},{"start":{},"end":{}}],"line":122},"14":{"loc":{"start":{"line":122,"column":12},"end":{"line":122,"column":51}},"type":"binary-expr","locations":[{"start":{"line":122,"column":12},"end":{"line":122,"column":25}},{"start":{"line":122,"column":25},"end":{"line":122,"column":51}}],"line":122},"15":{"loc":{"start":{"line":125,"column":8},"end":{"line":127,"column":null}},"type":"if","locations":[{"start":{"line":125,"column":8},"end":{"line":127,"column":null}},{"start":{},"end":{}}],"line":125},"16":{"loc":{"start":{"line":156,"column":12},"end":{"line":163,"column":null}},"type":"if","locations":[{"start":{"line":156,"column":12},"end":{"line":163,"column":null}},{"start":{},"end":{}}],"line":156},"17":{"loc":{"start":{"line":158,"column":20},"end":{"line":161,"column":null}},"type":"if","locations":[{"start":{"line":158,"column":20},"end":{"line":161,"column":null}},{"start":{},"end":{}}],"line":158},"18":{"loc":{"start":{"line":160,"column":24},"end":{"line":160,"column":null}},"type":"if","locations":[{"start":{"line":160,"column":24},"end":{"line":160,"column":null}},{"start":{},"end":{}}],"line":160},"19":{"loc":{"start":{"line":165,"column":12},"end":{"line":171,"column":null}},"type":"if","locations":[{"start":{"line":165,"column":12},"end":{"line":171,"column":null}},{"start":{"line":167,"column":19},"end":{"line":171,"column":null}}],"line":165},"20":{"loc":{"start":{"line":177,"column":8},"end":{"line":189,"column":null}},"type":"if","locations":[{"start":{"line":177,"column":8},"end":{"line":189,"column":null}},{"start":{"line":180,"column":15},"end":{"line":189,"column":null}}],"line":177},"21":{"loc":{"start":{"line":181,"column":12},"end":{"line":188,"column":null}},"type":"if","locations":[{"start":{"line":181,"column":12},"end":{"line":188,"column":null}},{"start":{"line":183,"column":12},"end":{"line":188,"column":null}}],"line":181},"22":{"loc":{"start":{"line":181,"column":16},"end":{"line":181,"column":67}},"type":"binary-expr","locations":[{"start":{"line":181,"column":16},"end":{"line":181,"column":46}},{"start":{"line":181,"column":46},"end":{"line":181,"column":67}}],"line":181},"23":{"loc":{"start":{"line":183,"column":12},"end":{"line":188,"column":null}},"type":"if","locations":[{"start":{"line":183,"column":12},"end":{"line":188,"column":null}},{"start":{"line":186,"column":19},"end":{"line":188,"column":null}}],"line":183},"24":{"loc":{"start":{"line":183,"column":23},"end":{"line":183,"column":108}},"type":"binary-expr","locations":[{"start":{"line":183,"column":23},"end":{"line":183,"column":47}},{"start":{"line":183,"column":47},"end":{"line":183,"column":83}},{"start":{"line":183,"column":83},"end":{"line":183,"column":108}}],"line":183},"25":{"loc":{"start":{"line":194,"column":8},"end":{"line":196,"column":null}},"type":"if","locations":[{"start":{"line":194,"column":8},"end":{"line":196,"column":null}},{"start":{},"end":{}}],"line":194},"26":{"loc":{"start":{"line":201,"column":8},"end":{"line":208,"column":null}},"type":"if","locations":[{"start":{"line":201,"column":8},"end":{"line":208,"column":null}},{"start":{},"end":{}}],"line":201},"27":{"loc":{"start":{"line":201,"column":12},"end":{"line":201,"column":53}},"type":"binary-expr","locations":[{"start":{"line":201,"column":12},"end":{"line":201,"column":25}},{"start":{"line":201,"column":25},"end":{"line":201,"column":53}}],"line":201},"28":{"loc":{"start":{"line":219,"column":12},"end":{"line":223,"column":null}},"type":"if","locations":[{"start":{"line":219,"column":12},"end":{"line":223,"column":null}},{"start":{"line":221,"column":19},"end":{"line":223,"column":null}}],"line":219},"29":{"loc":{"start":{"line":231,"column":8},"end":{"line":242,"column":null}},"type":"if","locations":[{"start":{"line":231,"column":8},"end":{"line":242,"column":null}},{"start":{},"end":{}}],"line":231},"30":{"loc":{"start":{"line":231,"column":12},"end":{"line":231,"column":94}},"type":"binary-expr","locations":[{"start":{"line":231,"column":12},"end":{"line":231,"column":43}},{"start":{"line":231,"column":43},"end":{"line":231,"column":73}},{"start":{"line":231,"column":73},"end":{"line":231,"column":94}}],"line":231},"31":{"loc":{"start":{"line":235,"column":23},"end":{"line":235,"column":null}},"type":"cond-expr","locations":[{"start":{"line":235,"column":30},"end":{"line":235,"column":42}},{"start":{"line":235,"column":42},"end":{"line":235,"column":null}}],"line":235},"32":{"loc":{"start":{"line":238,"column":68},"end":{"line":238,"column":124}},"type":"if","locations":[{"start":{"line":238,"column":68},"end":{"line":238,"column":124}},{"start":{},"end":{}}],"line":238},"33":{"loc":{"start":{"line":239,"column":69},"end":{"line":239,"column":128}},"type":"if","locations":[{"start":{"line":239,"column":69},"end":{"line":239,"column":128}},{"start":{},"end":{}}],"line":239},"34":{"loc":{"start":{"line":240,"column":77},"end":{"line":240,"column":144}},"type":"if","locations":[{"start":{"line":240,"column":77},"end":{"line":240,"column":144}},{"start":{},"end":{}}],"line":240},"35":{"loc":{"start":{"line":241,"column":73},"end":{"line":241,"column":158}},"type":"if","locations":[{"start":{"line":241,"column":73},"end":{"line":241,"column":158}},{"start":{},"end":{}}],"line":241}},"s":{"0":1,"1":10,"2":10,"3":10,"4":10,"5":10,"6":10,"7":10,"8":10,"9":10,"10":10,"11":10,"12":10,"13":10,"14":10,"15":10,"16":4,"17":4,"18":0,"19":4,"20":4,"21":0,"22":4,"23":4,"24":0,"25":10,"26":5,"27":1,"28":10,"29":4,"30":10,"31":4,"32":10,"33":2,"34":2,"35":2,"36":2,"37":2,"38":2,"39":2,"40":2,"41":2,"42":2,"43":0,"44":0,"45":2,"46":10,"47":2,"48":2,"49":2,"50":2,"51":2,"52":2,"53":2,"54":2,"55":2,"56":2,"57":10,"58":0,"59":0,"60":0,"61":0,"62":10,"63":2,"64":0,"65":2,"66":0,"67":2,"68":0,"69":2,"70":10,"71":2,"72":0,"73":2,"74":1,"75":2,"76":2,"77":2,"78":2,"79":2,"80":2,"81":2,"82":2,"83":2,"84":2,"85":2,"86":2,"87":2,"88":2,"89":2,"90":2,"91":0,"92":0,"93":0,"94":0,"95":0,"96":0,"97":0,"98":0,"99":0,"100":10,"101":0,"102":0,"103":0,"104":0,"105":0,"106":0,"107":0,"108":0,"109":0,"110":10,"111":4,"112":4,"113":10,"114":4,"115":0,"116":0,"117":0,"118":0,"119":10,"120":10,"121":10,"122":10,"123":0,"124":0,"125":0,"126":10,"127":10,"128":0,"129":10,"130":0,"131":0,"132":0,"133":0,"134":0,"135":0,"136":0,"137":0,"138":0,"139":0,"140":0,"141":0,"142":0,"143":0,"144":0,"145":10,"146":10,"147":10},"f":{"0":10,"1":4,"2":5,"3":4,"4":4,"5":2,"6":2,"7":0,"8":2,"9":2,"10":0,"11":0,"12":4,"13":4,"14":0,"15":0,"16":10,"17":0,"18":0,"19":0,"20":0,"21":0,"22":0,"23":10},"b":{"0":[0,4],"1":[0,4],"2":[0,4],"3":[1,4],"4":[2,0],"5":[0,0],"6":[2,0],"7":[2,2],"8":[0,0],"9":[0,2],"10":[0,2],"11":[0,2],"12":[0,2],"13":[0,2],"14":[2,2],"15":[1,1],"16":[2,0],"17":[0,0],"18":[0,0],"19":[0,0],"20":[0,0],"21":[0,0],"22":[0,0],"23":[0,0],"24":[0,0,0],"25":[4,0],"26":[0,4],"27":[4,0],"28":[0,0],"29":[0,10],"30":[10,0,0],"31":[0,0],"32":[0,0],"33":[0,0],"34":[0,0],"35":[0,0]},"meta":{"lastBranch":36,"lastFunction":24,"lastStatement":148,"seen":{"s:6:27:265:Infinity":0,"f:6:27:6:33":0,"s:7:28:7:Infinity":1,"s:8:24:8:Infinity":2,"s:9:32:9:Infinity":3,"s:10:28:10:Infinity":4,"s:11:54:11:Infinity":5,"s:12:34:12:Infinity":6,"s:13:34:13:Infinity":7,"s:14:26:14:Infinity":8,"s:16:50:16:Infinity":9,"s:19:26:19:Infinity":10,"s:20:26:20:Infinity":11,"s:21:42:21:Infinity":12,"s:23:10:23:Infinity":13,"s:24:10:24:Infinity":14,"s:27:4:36:Infinity":15,"f:27:14:27:20":1,"s:28:26:28:Infinity":16,"b:29:8:29:Infinity:undefined:undefined:undefined:undefined":0,"s:29:8:29:Infinity":17,"s:29:23:29:Infinity":18,"s:31:28:31:Infinity":19,"b:32:8:32:Infinity:undefined:undefined:undefined:undefined":1,"s:32:8:32:Infinity":20,"s:32:25:32:Infinity":21,"s:34:28:34:Infinity":22,"b:35:8:35:Infinity:undefined:undefined:undefined:undefined":2,"s:35:8:35:Infinity":23,"s:35:25:35:Infinity":24,"s:39:4:41:Infinity":25,"f:39:14:39:20":2,"b:40:8:40:Infinity:undefined:undefined:undefined:undefined":3,"s:40:8:40:Infinity":26,"s:40:20:40:Infinity":27,"s:43:4:45:Infinity":28,"f:43:14:43:20":3,"s:44:8:44:Infinity":29,"s:47:4:49:Infinity":30,"f:47:14:47:20":4,"s:48:8:48:Infinity":31,"s:53:24:77:Infinity":32,"f:53:24:53:31":5,"s:54:8:54:Infinity":33,"s:55:8:55:Infinity":34,"s:57:25:57:Infinity":35,"s:58:8:58:Infinity":36,"s:60:8:76:Infinity":37,"s:61:24:63:Infinity":38,"b:65:12:71:Infinity:69:19:71:Infinity":4,"s:65:12:71:Infinity":39,"s:66:16:66:Infinity":40,"s:67:16:67:Infinity":41,"s:68:16:68:Infinity":42,"s:70:16:70:Infinity":43,"b:70:25:70:43:70:43:70:69":5,"s:73:12:73:Infinity":44,"s:75:12:75:Infinity":45,"s:80:29:98:Infinity":46,"f:80:29:80:30":6,"b:81:8:97:Infinity:undefined:undefined:undefined:undefined":6,"s:81:8:97:Infinity":47,"b:81:12:81:30:81:30:81:57":7,"s:82:33:82:Infinity":48,"s:83:12:83:Infinity":49,"s:86:30:86:Infinity":50,"s:87:12:87:Infinity":51,"s:90:12:90:Infinity":52,"s:91:12:91:Infinity":53,"s:92:12:92:Infinity":54,"s:93:12:93:Infinity":55,"s:96:12:96:Infinity":56,"s:101:26:107:Infinity":57,"f:101:26:101:27":7,"s:102:8:102:Infinity":58,"b:103:8:106:Infinity:undefined:undefined:undefined:undefined":8,"s:103:8:106:Infinity":59,"s:104:12:104:Infinity":60,"s:105:12:105:Infinity":61,"s:110:21:118:Infinity":62,"f:110:21:110:27":8,"b:111:8:111:Infinity:undefined:undefined:undefined:undefined":9,"s:111:8:111:Infinity":63,"s:111:41:111:Infinity":64,"b:112:8:112:Infinity:undefined:undefined:undefined:undefined":10,"s:112:8:112:Infinity":65,"s:112:42:112:Infinity":66,"b:113:8:113:Infinity:undefined:undefined:undefined:undefined":11,"s:113:8:113:Infinity":67,"s:113:38:113:Infinity":68,"s:117:8:117:Infinity":69,"b:117:38:117:51:117:51:117:Infinity":12,"s:121:24:173:Infinity":70,"f:121:24:121:31":9,"b:122:8:122:Infinity:undefined:undefined:undefined:undefined":13,"s:122:8:122:Infinity":71,"b:122:12:122:25:122:25:122:51":14,"s:122:51:122:Infinity":72,"b:125:8:127:Infinity:undefined:undefined:undefined:undefined":15,"s:125:8:127:Infinity":73,"s:126:12:126:Infinity":74,"s:130:8:130:Infinity":75,"s:131:8:131:Infinity":76,"s:134:27:134:Infinity":77,"s:135:8:135:Infinity":78,"s:137:8:137:Infinity":79,"s:138:8:138:Infinity":80,"s:139:8:139:Infinity":81,"s:141:21:141:Infinity":82,"s:142:22:142:Infinity":83,"s:144:8:172:Infinity":84,"s:145:24:151:Infinity":85,"s:153:29:153:Infinity":86,"s:154:12:154:Infinity":87,"s:155:32:155:Infinity":88,"b:156:12:163:Infinity:undefined:undefined:undefined:undefined":16,"s:156:12:163:Infinity":89,"s:157:16:162:Infinity":90,"f:157:34:157:41":10,"b:158:20:161:Infinity:undefined:undefined:undefined:undefined":17,"s:158:20:161:Infinity":91,"s:159:24:159:Infinity":92,"b:160:24:160:Infinity:undefined:undefined:undefined:undefined":18,"s:160:24:160:Infinity":93,"s:160:59:160:Infinity":94,"b:165:12:171:Infinity:167:19:171:Infinity":19,"s:165:12:171:Infinity":95,"s:166:16:166:Infinity":96,"s:168:16:168:Infinity":97,"s:169:16:169:Infinity":98,"s:170:16:170:Infinity":99,"s:176:23:190:Infinity":100,"f:176:23:176:29":11,"b:177:8:189:Infinity:180:15:189:Infinity":20,"s:177:8:189:Infinity":101,"s:178:12:178:Infinity":102,"s:179:12:179:Infinity":103,"b:181:12:188:Infinity:183:12:188:Infinity":21,"s:181:12:188:Infinity":104,"b:181:16:181:46:181:46:181:67":22,"s:182:16:182:Infinity":105,"b:183:12:188:Infinity:186:19:188:Infinity":23,"s:183:12:188:Infinity":106,"b:183:23:183:47:183:47:183:83:183:83:183:108":24,"s:184:16:184:Infinity":107,"s:185:16:185:Infinity":108,"s:187:16:187:Infinity":109,"s:193:4:197:Infinity":110,"f:193:14:193:20":12,"b:194:8:196:Infinity:undefined:undefined:undefined:undefined":25,"s:194:8:196:Infinity":111,"s:195:12:195:Infinity":112,"s:200:4:209:Infinity":113,"f:200:14:200:20":13,"b:201:8:208:Infinity:undefined:undefined:undefined:undefined":26,"s:201:8:208:Infinity":114,"b:201:12:201:25:201:25:201:53":27,"s:204:26:206:Infinity":115,"f:204:37:204:43":14,"s:205:16:205:Infinity":116,"s:207:12:207:Infinity":117,"f:207:19:207:25":15,"s:207:25:207:Infinity":118,"s:212:4:247:Infinity":119,"f:212:14:212:20":16,"s:213:22:213:Infinity":120,"s:216:8:216:Infinity":121,"s:218:28:224:Infinity":122,"f:218:28:218:34":17,"b:219:12:223:Infinity:221:19:223:Infinity":28,"s:219:12:223:Infinity":123,"s:220:16:220:Infinity":124,"s:222:16:222:Infinity":125,"s:226:8:226:Infinity":126,"s:228:8:228:Infinity":127,"f:228:39:228:45":18,"s:228:47:228:75":128,"b:231:8:242:Infinity:undefined:undefined:undefined:undefined":29,"s:231:8:242:Infinity":129,"b:231:12:231:43:231:43:231:73:231:73:231:94":30,"s:232:12:236:Infinity":130,"b:235:30:235:42:235:42:235:Infinity":31,"s:238:12:238:Infinity":131,"f:238:60:238:66":19,"b:238:68:238:124:undefined:undefined:undefined:undefined":32,"s:238:68:238:124":132,"s:238:88:238:102":133,"s:238:102:238:122":134,"s:239:12:239:Infinity":135,"f:239:61:239:67":20,"b:239:69:239:128:undefined:undefined:undefined:undefined":33,"s:239:69:239:128":136,"s:239:90:239:105":137,"s:239:105:239:126":138,"s:240:12:240:Infinity":139,"f:240:69:240:75":21,"b:240:77:240:144:undefined:undefined:undefined:undefined":34,"s:240:77:240:144":140,"s:240:106:240:144":141,"s:241:12:241:Infinity":142,"f:241:65:241:71":22,"b:241:73:241:158:undefined:undefined:undefined:undefined":35,"s:241:73:241:158":143,"s:241:120:241:158":144,"s:244:8:246:Infinity":145,"f:244:15:244:21":23,"s:245:12:245:Infinity":146,"s:249:4:264:Infinity":147}}}
,"/Users/jeffreyfernandez/code/Dictator_ai/frontend/src/utils/errorHandler.ts": {"path":"/Users/jeffreyfernandez/code/Dictator_ai/frontend/src/utils/errorHandler.ts","statementMap":{"0":{"start":{"line":3,"column":30},"end":{"line":50,"column":null}},"1":{"start":{"line":4,"column":4},"end":{"line":6,"column":null}},"2":{"start":{"line":5,"column":8},"end":{"line":5,"column":null}},"3":{"start":{"line":8,"column":4},"end":{"line":49,"column":null}},"4":{"start":{"line":9,"column":23},"end":{"line":9,"column":null}},"5":{"start":{"line":10,"column":26},"end":{"line":10,"column":null}},"6":{"start":{"line":13,"column":8},"end":{"line":15,"column":null}},"7":{"start":{"line":17,"column":8},"end":{"line":42,"column":null}},"8":{"start":{"line":19,"column":16},"end":{"line":19,"column":null}},"9":{"start":{"line":21,"column":16},"end":{"line":21,"column":null}},"10":{"start":{"line":23,"column":16},"end":{"line":23,"column":null}},"11":{"start":{"line":25,"column":16},"end":{"line":25,"column":null}},"12":{"start":{"line":27,"column":16},"end":{"line":27,"column":null}},"13":{"start":{"line":29,"column":16},"end":{"line":29,"column":null}},"14":{"start":{"line":31,"column":16},"end":{"line":31,"column":null}},"15":{"start":{"line":33,"column":16},"end":{"line":33,"column":null}},"16":{"start":{"line":35,"column":16},"end":{"line":35,"column":null}},"17":{"start":{"line":37,"column":16},"end":{"line":37,"column":null}},"18":{"start":{"line":39,"column":16},"end":{"line":39,"column":null}},"19":{"start":{"line":41,"column":16},"end":{"line":41,"column":null}},"20":{"start":{"line":43,"column":4},"end":{"line":49,"column":null}},"21":{"start":{"line":45,"column":8},"end":{"line":45,"column":null}},"22":{"start":{"line":48,"column":8},"end":{"line":48,"column":null}}},"fnMap":{"0":{"name":"(anonymous_0)","decl":{"start":{"line":3,"column":30},"end":{"line":3,"column":31}},"loc":{"start":{"line":3,"column":54},"end":{"line":50,"column":null}},"line":3}},"branchMap":{"0":{"loc":{"start":{"line":4,"column":4},"end":{"line":6,"column":null}},"type":"if","locations":[{"start":{"line":4,"column":4},"end":{"line":6,"column":null}},{"start":{},"end":{}}],"line":4},"1":{"loc":{"start":{"line":8,"column":4},"end":{"line":49,"column":null}},"type":"if","locations":[{"start":{"line":8,"column":4},"end":{"line":49,"column":null}},{"start":{"line":43,"column":4},"end":{"line":49,"column":null}}],"line":8},"2":{"loc":{"start":{"line":13,"column":8},"end":{"line":15,"column":null}},"type":"if","locations":[{"start":{"line":13,"column":8},"end":{"line":15,"column":null}},{"start":{},"end":{}}],"line":13},"3":{"loc":{"start":{"line":13,"column":12},"end":{"line":13,"column":49}},"type":"binary-expr","locations":[{"start":{"line":13,"column":12},"end":{"line":13,"column":25}},{"start":{"line":13,"column":25},"end":{"line":13,"column":49}}],"line":13},"4":{"loc":{"start":{"line":17,"column":8},"end":{"line":42,"column":null}},"type":"switch","locations":[{"start":{"line":18,"column":12},"end":{"line":19,"column":null}},{"start":{"line":20,"column":12},"end":{"line":21,"column":null}},{"start":{"line":22,"column":12},"end":{"line":23,"column":null}},{"start":{"line":24,"column":12},"end":{"line":25,"column":null}},{"start":{"line":26,"column":12},"end":{"line":27,"column":null}},{"start":{"line":28,"column":12},"end":{"line":29,"column":null}},{"start":{"line":30,"column":12},"end":{"line":31,"column":null}},{"start":{"line":32,"column":12},"end":{"line":33,"column":null}},{"start":{"line":34,"column":12},"end":{"line":35,"column":null}},{"start":{"line":36,"column":12},"end":{"line":37,"column":null}},{"start":{"line":38,"column":12},"end":{"line":39,"column":null}},{"start":{"line":40,"column":12},"end":{"line":41,"column":null}}],"line":17},"5":{"loc":{"start":{"line":19,"column":23},"end":{"line":19,"column":null}},"type":"binary-expr","locations":[{"start":{"line":19,"column":23},"end":{"line":19,"column":36}},{"start":{"line":19,"column":36},"end":{"line":19,"column":null}}],"line":19},"6":{"loc":{"start":{"line":41,"column":23},"end":{"line":41,"column":null}},"type":"binary-expr","locations":[{"start":{"line":41,"column":23},"end":{"line":41,"column":36}},{"start":{"line":41,"column":36},"end":{"line":41,"column":null}}],"line":41},"7":{"loc":{"start":{"line":43,"column":4},"end":{"line":49,"column":null}},"type":"if","locations":[{"start":{"line":43,"column":4},"end":{"line":49,"column":null}},{"start":{"line":46,"column":11},"end":{"line":49,"column":null}}],"line":43},"8":{"loc":{"start":{"line":48,"column":15},"end":{"line":48,"column":null}},"type":"binary-expr","locations":[{"start":{"line":48,"column":15},"end":{"line":48,"column":32}},{"start":{"line":48,"column":32},"end":{"line":48,"column":null}}],"line":48}},"s":{"0":2,"1":4,"2":1,"3":3,"4":2,"5":2,"6":2,"7":2,"8":1,"9":1,"10":0,"11":0,"12":0,"13":0,"14":0,"15":0,"16":0,"17":0,"18":0,"19":0,"20":1,"21":1,"22":0},"f":{"0":4},"b":{"0":[1,3],"1":[2,1],"2":[1,1],"3":[2,1],"4":[1,1,0,0,0,0,0,0,0,0,0,0],"5":[1,0],"6":[0,0],"7":[1,0],"8":[0,0]},"meta":{"lastBranch":9,"lastFunction":1,"lastStatement":23,"seen":{"s:3:30:50:Infinity":0,"f:3:30:3:31":0,"b:4:4:6:Infinity:undefined:undefined:undefined:undefined":0,"s:4:4:6:Infinity":1,"s:5:8:5:Infinity":2,"b:8:4:49:Infinity:43:4:49:Infinity":1,"s:8:4:49:Infinity":3,"s:9:23:9:Infinity":4,"s:10:26:10:Infinity":5,"b:13:8:15:Infinity:undefined:undefined:undefined:undefined":2,"s:13:8:15:Infinity":6,"b:13:12:13:25:13:25:13:49":3,"b:18:12:19:Infinity:20:12:21:Infinity:22:12:23:Infinity:24:12:25:Infinity:26:12:27:Infinity:28:12:29:Infinity:30:12:31:Infinity:32:12:33:Infinity:34:12:35:Infinity:36:12:37:Infinity:38:12:39:Infinity:40:12:41:Infinity":4,"s:17:8:42:Infinity":7,"s:19:16:19:Infinity":8,"b:19:23:19:36:19:36:19:Infinity":5,"s:21:16:21:Infinity":9,"s:23:16:23:Infinity":10,"s:25:16:25:Infinity":11,"s:27:16:27:Infinity":12,"s:29:16:29:Infinity":13,"s:31:16:31:Infinity":14,"s:33:16:33:Infinity":15,"s:35:16:35:Infinity":16,"s:37:16:37:Infinity":17,"s:39:16:39:Infinity":18,"s:41:16:41:Infinity":19,"b:41:23:41:36:41:36:41:Infinity":6,"b:43:4:49:Infinity:46:11:49:Infinity":7,"s:43:4:49:Infinity":20,"s:45:8:45:Infinity":21,"s:48:8:48:Infinity":22,"b:48:15:48:32:48:32:48:Infinity":8}}}
}
